# JRE version: OpenJDK Runtime Environment (21.0.3) (build 21.0.3+-12282718-b509.11)
# Java VM: OpenJDK 64-Bit Server VM (21.0.3+-12282718-b509.11, mixed mode, tiered, compressed oops, compressed class ptrs, g1 gc, windows-amd64)
GC Precious Log:
 CardTable entry size: 512
 Card Set container configuration: InlinePtr #cards 4 size 8 Array Of Cards #cards 16 size 48 Howl #buckets 8 coarsen threshold 3686 Howl Bitmap #cards 512 size 80 coarsen threshold 460 Card regions per heap region 1 cards per card region 4096
 CPUs: 8 total, 8 available
 Memory: 16266M
 Large Page Support: Disabled
 NUMA Support: Disabled
 Compressed Oops: Enabled (Zero based)
 Heap Region Size: 2M
 Heap Min Capacity: 8M
 Heap Initial Capacity: 8M
 Heap Max Capacity: 4068M
 Pre-touch: Disabled
 Parallel Workers: 8
 Concurrent Workers: 2
 Concurrent Refinement Workers: 8
 Periodic GC: Disabled
Heap:
 garbage-first heap   total 12288K, used 2159K [0x0000000701c00000, 0x0000000800000000)
  region size 2048K, 1 young (2048K), 1 survivors (2048K)
 Metaspace       used 10603K, committed 10752K, reserved 1114112K
  class space    used 1045K, committed 1088K, reserved 1048576K
GC Heap History (17 events):
Event: 0.159 GC heap before
{Heap before GC invocations=0 (full 0):
 garbage-first heap   total 8192K, used 2048K [0x0000000701c00000, 0x0000000800000000)
  region size 2048K, 1 young (2048K), 0 survivors (0K)
 Metaspace       used 7309K, committed 7424K, reserved 1114112K
  class space    used 647K, committed 704K, reserved 1048576K
}
Event: 0.161 GC heap after
{Heap after GC invocations=1 (full 0):
 garbage-first heap   total 8192K, used 896K [0x0000000701c00000, 0x0000000800000000)
  region size 2048K, 1 young (2048K), 1 survivors (2048K)
 Metaspace       used 7309K, committed 7424K, reserved 1114112K
  class space    used 647K, committed 704K, reserved 1048576K
}
Event: 0.239 GC heap before
{Heap before GC invocations=1 (full 0):
 garbage-first heap   total 8192K, used 2944K [0x0000000701c00000, 0x0000000800000000)
  region size 2048K, 2 young (4096K), 1 survivors (2048K)
 Metaspace       used 9342K, committed 9536K, reserved 1114112K
  class space    used 889K, committed 960K, reserved 1048576K
}
Event: 0.241 GC heap after
{Heap after GC invocations=2 (full 0):
 garbage-first heap   total 8192K, used 1000K [0x0000000701c00000, 0x0000000800000000)
  region size 2048K, 1 young (2048K), 1 survivors (2048K)
 Metaspace       used 9342K, committed 9536K, reserved 1114112K
  class space    used 889K, committed 960K, reserved 1048576K
}
Event: 0.336 GC heap before
{Heap before GC invocations=2 (full 0):
 garbage-first heap   total 8192K, used 3048K [0x0000000701c00000, 0x0000000800000000)
  region size 2048K, 2 young (4096K), 1 survivors (2048K)
 Metaspace       used 10463K, committed 10624K, reserved 1114112K
  class space    used 1044K, committed 1088K, reserved 1048576K
}
Event: 0.339 GC heap after
{Heap after GC invocations=3 (full 0):
 garbage-first heap   total 8192K, used 1843K [0x0000000701c00000, 0x0000000800000000)
  region size 2048K, 1 young (2048K), 1 survivors (2048K)
 Metaspace       used 10463K, committed 10624K, reserved 1114112K
  class space    used 1044K, committed 1088K, reserved 1048576K
}
Event: 0.368 GC heap before
{Heap before GC invocations=3 (full 0):
 garbage-first heap   total 8192K, used 1843K [0x0000000701c00000, 0x0000000800000000)
  region size 2048K, 2 young (4096K), 1 survivors (2048K)
 Metaspace       used 10492K, committed 10624K, reserved 1114112K
  class space    used 1044K, committed 1088K, reserved 1048576K
}
Event: 0.372 GC heap after
{Heap after GC invocations=4 (full 0):
 garbage-first heap   total 8192K, used 1729K [0x0000000701c00000, 0x0000000800000000)
  region size 2048K, 1 young (2048K), 1 survivors (2048K)
 Metaspace       used 10492K, committed 10624K, reserved 1114112K
  class space    used 1044K, committed 1088K, reserved 1048576K
}
Event: 0.397 GC heap before
{Heap before GC invocations=4 (full 0):
 garbage-first heap   total 8192K, used 3777K [0x0000000701c00000, 0x0000000800000000)
  region size 2048K, 2 young (4096K), 1 survivors (2048K)
 Metaspace       used 10509K, committed 10624K, reserved 1114112K
  class space    used 1044K, committed 1088K, reserved 1048576K
}
Event: 0.399 GC heap after
{Heap after GC invocations=5 (full 0):
 garbage-first heap   total 12288K, used 1743K [0x0000000701c00000, 0x0000000800000000)
  region size 2048K, 1 young (2048K), 1 survivors (2048K)
 Metaspace       used 10509K, committed 10624K, reserved 1114112K
  class space    used 1044K, committed 1088K, reserved 1048576K
}
Event: 0.430 GC heap before
{Heap before GC invocations=5 (full 0):
 garbage-first heap   total 12288K, used 3791K [0x0000000701c00000, 0x0000000800000000)
  region size 2048K, 3 young (6144K), 1 survivors (2048K)
 Metaspace       used 10530K, committed 10688K, reserved 1114112K
  class space    used 1044K, committed 1088K, reserved 1048576K
}
Event: 0.431 GC heap after
{Heap after GC invocations=6 (full 0):
 garbage-first heap   total 12288K, used 1918K [0x0000000701c00000, 0x0000000800000000)
  region size 2048K, 1 young (2048K), 1 survivors (2048K)
 Metaspace       used 10530K, committed 10688K, reserved 1114112K
  class space    used 1044K, committed 1088K, reserved 1048576K
}
Event: 0.456 GC heap before
{Heap before GC invocations=6 (full 0):
 garbage-first heap   total 12288K, used 3966K [0x0000000701c00000, 0x0000000800000000)
  region size 2048K, 3 young (6144K), 1 survivors (2048K)
 Metaspace       used 10587K, committed 10688K, reserved 1114112K
  class space    used 1044K, committed 1088K, reserved 1048576K
}
Event: 0.458 GC heap after
{Heap after GC invocations=7 (full 0):
 garbage-first heap   total 12288K, used 1968K [0x0000000701c00000, 0x0000000800000000)
  region size 2048K, 1 young (2048K), 1 survivors (2048K)
 Metaspace       used 10587K, committed 10688K, reserved 1114112K
  class space    used 1044K, committed 1088K, reserved 1048576K
}
Event: 0.479 GC heap before
{Heap before GC invocations=7 (full 0):
 garbage-first heap   total 12288K, used 6064K [0x0000000701c00000, 0x0000000800000000)
  region size 2048K, 3 young (6144K), 1 survivors (2048K)
 Metaspace       used 10599K, committed 10752K, reserved 1114112K
  class space    used 1045K, committed 1088K, reserved 1048576K
}
Event: 0.481 GC heap after
{Heap after GC invocations=8 (full 0):
 garbage-first heap   total 12288K, used 2079K [0x0000000701c00000, 0x0000000800000000)
  region size 2048K, 1 young (2048K), 1 survivors (2048K)
 Metaspace       used 10599K, committed 10752K, reserved 1114112K
  class space    used 1045K, committed 1088K, reserved 1048576K
}
Event: 0.512 GC heap before
{Heap before GC invocations=8 (full 0):
 garbage-first heap   total 12288K, used 4127K [0x0000000701c00000, 0x0000000800000000)
  region size 2048K, 3 young (6144K), 1 survivors (2048K)
 Metaspace       used 10603K, committed 10752K, reserved 1114112K
  class space    used 1045K, committed 1088K, reserved 1048576K
}

